Starting backfill for 2025 papers...
✅ Connected to PostgreSQL database
"papers" table created or updated.
Fetching papers from arXiv (offset 0)...
Raw papers found on page: 50
Papers to add after date filtering: 50
Found 50 papers in this batch. Saving to database...
Fetching papers from arXiv (offset 50)...
Raw papers found on page: 50
Papers to add after date filtering: 50
Found 50 papers in this batch. Saving to database...
Fetching papers from arXiv (offset 100)...
Raw papers found on page: 50
Papers to add after date filtering: 50
Found 50 papers in this batch. Saving to database...
Fetching papers from arXiv (offset 150)...
Raw papers found on page: 50
Papers to add after date filtering: 50
Found 50 papers in this batch. Saving to database...
Fetching papers from arXiv (offset 200)...
Raw papers found on page: 50
Papers to add after date filtering: 50
Found 50 papers in this batch. Saving to database...
Fetching papers from arXiv (offset 250)...
Raw papers found on page: 50
Papers to add after date filtering: 50
Found 50 papers in this batch. Saving to database...
Fetching papers from arXiv (offset 300)...
Raw papers found on page: 47
Papers to add after date filtering: 47
Found 47 papers in this batch. Saving to database...
Fetching papers from arXiv (offset 350)...
Raw papers found on page: 50
Papers to add after date filtering: 50
Found 50 papers in this batch. Saving to database...
Fetching papers from arXiv (offset 400)...
Raw papers found on page: 49
Papers to add after date filtering: 49
Found 49 papers in this batch. Saving to database...
Fetching papers from arXiv (offset 450)...
Raw papers found on page: 50
Papers to add after date filtering: 50
Found 50 papers in this batch. Saving to database...
Fetching papers from arXiv (offset 500)...
Raw papers found on page: 50
Papers to add after date filtering: 50
Found 50 papers in this batch. Saving to database...
Fetching papers from arXiv (offset 550)...
Raw papers found on page: 50
Papers to add after date filtering: 50
Found 50 papers in this batch. Saving to database...
Fetching papers from arXiv (offset 600)...
Raw papers found on page: 50
Papers to add after date filtering: 50
Found 50 papers in this batch. Saving to database...
Fetching papers from arXiv (offset 650)...
Raw papers found on page: 50
Papers to add after date filtering: 50
Found 50 papers in this batch. Saving to database...
Fetching papers from arXiv (offset 700)...
Raw papers found on page: 50
Papers to add after date filtering: 50
Found 50 papers in this batch. Saving to database...
Fetching papers from arXiv (offset 750)...
Raw papers found on page: 50
Papers to add after date filtering: 50
Found 50 papers in this batch. Saving to database...
Fetching papers from arXiv (offset 800)...
Raw papers found on page: 50
Papers to add after date filtering: 50
Found 50 papers in this batch. Saving to database...
Fetching papers from arXiv (offset 850)...
Raw papers found on page: 50
Papers to add after date filtering: 50
Found 50 papers in this batch. Saving to database...
Fetching papers from arXiv (offset 900)...
Raw papers found on page: 50
Papers to add after date filtering: 23
Found 23 papers in this batch. Saving to database...
Fetching papers from arXiv (offset 950)...
Raw papers found on page: 50
Papers to add after date filtering: 20
Found 20 papers in this batch. Saving to database...
Fetching papers from arXiv (offset 1000)...
Raw papers found on page: 50
Papers to add after date filtering: 23
Found 23 papers in this batch. Saving to database...
Fetching papers from arXiv (offset 1050)...
Raw papers found on page: 50
Papers to add after date filtering: 17
Found 17 papers in this batch. Saving to database...
Fetching papers from arXiv (offset 1100)...
Raw papers found on page: 50
Papers to add after date filtering: 8
Found 8 papers in this batch. Saving to database...
Fetching papers from arXiv (offset 1150)...
Raw papers found on page: 50
Papers to add after date filtering: 11
Found 11 papers in this batch. Saving to database...
Fetching papers from arXiv (offset 1200)...
Raw papers found on page: 50
Papers to add after date filtering: 4
Found 4 papers in this batch. Saving to database...
Fetching papers from arXiv (offset 1250)...
Raw papers found on page: 50
Papers to add after date filtering: 4
Found 4 papers in this batch. Saving to database...
Fetching papers from arXiv (offset 1300)...
Raw papers found on page: 50
Papers to add after date filtering: 3
Found 3 papers in this batch. Saving to database...
Fetching papers from arXiv (offset 1350)...
Raw papers found on page: 49
Papers to add after date filtering: 4
Found 4 papers in this batch. Saving to database...
Fetching papers from arXiv (offset 1400)...
Raw papers found on page: 50
Papers to add after date filtering: 1
Found 1 papers in this batch. Saving to database...
Fetching papers from arXiv (offset 1450)...
Raw papers found on page: 50
 papers in this batch. Saving to database...
Fetching papers from arXiv (offset 725)...
Raw papers found on page: 50
Papers to add after date filtering: 50
Found 50 papers in this batch. Saving to database...
Fetching papers from arXiv (offset 750)...
Raw papers found on page: 50
Papers to add after date filtering: 50
Found 50 papers in this batch. Saving to database...
Fetching papers from arXiv (offset 775)...
Raw papers found on page: 50
Papers to add after date filtering: 50
Found 50 papers in this batch. Saving to database...
Fetching papers from arXiv (offset 800)...
Raw papers found on page: 50
Papers to add after date filtering: 50
Found 50 papers in this batch. Saving to database...
